# JRE version: Java(TM) SE Runtime Environment (8.0_60-b27) (build 1.8.0_60-b27)
# Java VM: Java HotSpot(TM) 64-Bit Server VM (25.60-b23 mixed mode bsd-amd64 compressed oops)
Heap:
 PSYoungGen      total 145920K, used 92858K [0x00000007aab00000, 0x00000007b5800000, 0x00000007c0000000)
  eden space 130048K, 71% used [0x00000007aab00000,0x00000007b05ae920,0x00000007b2a00000)
  from space 15872K, 0% used [0x00000007b2a00000,0x00000007b2a00000,0x00000007b3980000)
  to   space 16896K, 0% used [0x00000007b4780000,0x00000007b4780000,0x00000007b5800000)
 ParOldGen       total 68608K, used 32233K [0x0000000780000000, 0x0000000784300000, 0x00000007aab00000)
  object space 68608K, 46% used [0x0000000780000000,0x0000000781f7a538,0x0000000784300000)
 Metaspace       used 58792K, capacity 61926K, committed 65624K, reserved 1105920K
  class space    used 7545K, capacity 7887K, committed 8576K, reserved 1048576K
GC Heap History (10 events):
Event: 11545.321 GC heap before
{Heap before GC invocations=66 (full 20):
 PSYoungGen      total 148480K, used 3226K [0x00000007aab00000, 0x00000007b4880000, 0x00000007c0000000)
  eden space 136704K, 0% used [0x00000007aab00000,0x00000007aab00000,0x00000007b3080000)
  from space 11776K, 27% used [0x00000007b3d00000,0x00000007b4026960,0x00000007b4880000)
  to   space 12288K, 0% used [0x00000007b3080000,0x00000007b3080000,0x00000007b3c80000)
 ParOldGen       total 68608K, used 31449K [0x0000000780000000, 0x0000000784300000, 0x00000007aab00000)
  object space 68608K, 45% used [0x0000000780000000,0x0000000781eb66d8,0x0000000784300000)
 Metaspace       used 60023K, capacity 64836K, committed 64984K, reserved 1105920K
  class space    used 7833K, capacity 8390K, committed 8448K, reserved 1048576K
Event: 11546.232 GC heap after
Heap after GC invocations=66 (full 20):
 PSYoungGen      total 148480K, used 0K [0x00000007aab00000, 0x00000007b4880000, 0x00000007c0000000)
  eden space 136704K, 0% used [0x00000007aab00000,0x00000007aab00000,0x00000007b3080000)
  from space 11776K, 0% used [0x00000007b3d00000,0x00000007b3d00000,0x00000007b4880000)
  to   space 12288K, 0% used [0x00000007b3080000,0x00000007b3080000,0x00000007b3c80000)
 ParOldGen       total 68608K, used 23505K [0x0000000780000000, 0x0000000784300000, 0x00000007aab00000)
  object space 68608K, 34% used [0x0000000780000000,0x00000007816f4660,0x0000000784300000)
 Metaspace       used 58032K, capacity 60658K, committed 64984K, reserved 1105920K
  class space    used 7403K, capacity 7591K, committed 8448K, reserved 1048576K
}
Event: 11730.844 GC heap before
{Heap before GC invocations=67 (full 20):
 PSYoungGen      total 148480K, used 136704K [0x00000007aab00000, 0x00000007b4880000, 0x00000007c0000000)
  eden space 136704K, 100% used [0x00000007aab00000,0x00000007b3080000,0x00000007b3080000)
  from space 11776K, 0% used [0x00000007b3d00000,0x00000007b3d00000,0x00000007b4880000)
  to   space 12288K, 0% used [0x00000007b3080000,0x00000007b3080000,0x00000007b3c80000)
 ParOldGen       total 68608K, used 23505K [0x0000000780000000, 0x0000000784300000, 0x00000007aab00000)
  object space 68608K, 34% used [0x0000000780000000,0x00000007816f4660,0x0000000784300000)
 Metaspace       used 58394K, capacity 61188K, committed 65240K, reserved 1105920K
  class space    used 7446K, capacity 7658K, committed 8448K, reserved 1048576K
Event: 11730.900 GC heap after
Heap after GC invocations=67 (full 20):
 PSYoungGen      total 140800K, used 8705K [0x00000007aab00000, 0x00000007b4480000, 0x00000007c0000000)
  eden space 131584K, 0% used [0x00000007aab00000,0x00000007aab00000,0x00000007b2b80000)
  from space 9216K, 94% used [0x00000007b3080000,0x00000007b3900628,0x00000007b3980000)
  to   space 11264K, 0% used [0x00000007b3980000,0x00000007b3980000,0x00000007b4480000)
 ParOldGen       total 68608K, used 23513K [0x0000000780000000, 0x0000000784300000, 0x00000007aab00000)
  object space 68608K, 34% used [0x0000000780000000,0x00000007816f6660,0x0000000784300000)
 Metaspace       used 58394K, capacity 61188K, committed 65240K, reserved 1105920K
  class space    used 7446K, capacity 7658K, committed 8448K, reserved 1048576K
}
Event: 11731.920 GC heap before
{Heap before GC invocations=68 (full 20):
 PSYoungGen      total 140800K, used 140289K [0x00000007aab00000, 0x00000007b4480000, 0x00000007c0000000)
  eden space 131584K, 100% used [0x00000007aab00000,0x00000007b2b80000,0x00000007b2b80000)
  from space 9216K, 94% used [0x00000007b3080000,0x00000007b3900628,0x00000007b3980000)
  to   space 11264K, 0% used [0x00000007b3980000,0x00000007b3980000,0x00000007b4480000)
 ParOldGen       total 68608K, used 23513K [0x0000000780000000, 0x0000000784300000, 0x00000007aab00000)
  object space 68608K, 34% used [0x0000000780000000,0x00000007816f6660,0x0000000784300000)
 Metaspace       used 58672K, capacity 61706K, committed 65240K, reserved 1105920K
  class space    used 7524K, capacity 7856K, committed 8448K, reserved 1048576K
Event: 11731.967 GC heap after
Heap after GC invocations=68 (full 20):
 PSYoungGen      total 141312K, used 11258K [0x00000007aab00000, 0x00000007b5600000, 0x00000007c0000000)
  eden space 130048K, 0% used [0x00000007aab00000,0x00000007aab00000,0x00000007b2a00000)
  from space 11264K, 99% used [0x00000007b3980000,0x00000007b447eb28,0x00000007b4480000)
  to   space 15872K, 0% used [0x00000007b2a00000,0x00000007b2a00000,0x00000007b3980000)
 ParOldGen       total 68608K, used 26850K [0x0000000780000000, 0x0000000784300000, 0x00000007aab00000)
  object space 68608K, 39% used [0x0000000780000000,0x0000000781a389a0,0x0000000784300000)
 Metaspace       used 58672K, capacity 61706K, committed 65240K, reserved 1105920K
  class space    used 7524K, capacity 7856K, committed 8448K, reserved 1048576K
}
Event: 11732.145 GC heap before
{Heap before GC invocations=69 (full 20):
 PSYoungGen      total 141312K, used 18677K [0x00000007aab00000, 0x00000007b5600000, 0x00000007c0000000)
  eden space 130048K, 5% used [0x00000007aab00000,0x00000007ab23ec58,0x00000007b2a00000)
  from space 11264K, 99% used [0x00000007b3980000,0x00000007b447eb28,0x00000007b4480000)
  to   space 15872K, 0% used [0x00000007b2a00000,0x00000007b2a00000,0x00000007b3980000)
 ParOldGen       total 68608K, used 26850K [0x0000000780000000, 0x0000000784300000, 0x00000007aab00000)
  object space 68608K, 39% used [0x0000000780000000,0x0000000781a389a0,0x0000000784300000)
 Metaspace       used 58685K, capacity 61724K, committed 65240K, reserved 1105920K
  class space    used 7527K, capacity 7860K, committed 8448K, reserved 1048576K
Event: 11732.163 GC heap after
Heap after GC invocations=69 (full 20):
 PSYoungGen      total 145920K, used 11354K [0x00000007aab00000, 0x00000007b5800000, 0x00000007c0000000)
  eden space 130048K, 0% used [0x00000007aab00000,0x00000007aab00000,0x00000007b2a00000)
  from space 15872K, 71% used [0x00000007b2a00000,0x00000007b3516b38,0x00000007b3980000)
  to   space 16896K, 0% used [0x00000007b4780000,0x00000007b4780000,0x00000007b5800000)
 ParOldGen       total 68608K, used 26850K [0x0000000780000000, 0x0000000784300000, 0x00000007aab00000)
  object space 68608K, 39% used [0x0000000780000000,0x0000000781a389a0,0x0000000784300000)
 Metaspace       used 58685K, capacity 61724K, committed 65240K, reserved 1105920K
  class space    used 7527K, capacity 7860K, committed 8448K, reserved 1048576K
}
Event: 11732.163 GC heap before
{Heap before GC invocations=70 (full 21):
 PSYoungGen      total 145920K, used 11354K [0x00000007aab00000, 0x00000007b5800000, 0x00000007c0000000)
  eden space 130048K, 0% used [0x00000007aab00000,0x00000007aab00000,0x00000007b2a00000)
  from space 15872K, 71% used [0x00000007b2a00000,0x00000007b3516b38,0x00000007b3980000)
  to   space 16896K, 0% used [0x00000007b4780000,0x00000007b4780000,0x00000007b5800000)
 ParOldGen       total 68608K, used 26850K [0x0000000780000000, 0x0000000784300000, 0x00000007aab00000)
  object space 68608K, 39% used [0x0000000780000000,0x0000000781a389a0,0x0000000784300000)
 Metaspace       used 58685K, capacity 61724K, committed 65240K, reserved 1105920K
  class space    used 7527K, capacity 7860K, committed 8448K, reserved 1048576K
Event: 11732.740 GC heap after
Heap after GC invocations=70 (full 21):
 PSYoungGen      total 145920K, used 0K [0x00000007aab00000, 0x00000007b5800000, 0x00000007c0000000)
  eden space 130048K, 0% used [0x00000007aab00000,0x00000007aab00000,0x00000007b2a00000)
  from space 15872K, 0% used [0x00000007b2a00000,0x00000007b2a00000,0x00000007b3980000)
  to   space 16896K, 0% used [0x00000007b4780000,0x00000007b4780000,0x00000007b5800000)
 ParOldGen       total 68608K, used 32233K [0x0000000780000000, 0x0000000784300000, 0x00000007aab00000)
  object space 68608K, 46% used [0x0000000780000000,0x0000000781f7a538,0x0000000784300000)
 Metaspace       used 58685K, capacity 61724K, committed 65240K, reserved 1105920K
  class space    used 7527K, capacity 7860K, committed 8448K, reserved 1048576K
}

