# JRE version: Java(TM) SE Runtime Environment (8.0_60-b27) (build 1.8.0_60-b27)
# Java VM: Java HotSpot(TM) 64-Bit Server VM (25.60-b23 mixed mode bsd-amd64 compressed oops)
Heap:
 PSYoungGen      total 256512K, used 98453K [0x00000007aab00000, 0x00000007c0000000, 0x00000007c0000000)
  eden space 162304K, 60% used [0x00000007aab00000,0x00000007b0b256b8,0x00000007b4980000)
  from space 94208K, 0% used [0x00000007ba400000,0x00000007ba400000,0x00000007c0000000)
  to   space 92672K, 0% used [0x00000007b4980000,0x00000007b4980000,0x00000007ba400000)
 ParOldGen       total 173056K, used 41831K [0x0000000780000000, 0x000000078a900000, 0x00000007aab00000)
  object space 173056K, 24% used [0x0000000780000000,0x00000007828d9d80,0x000000078a900000)
 Metaspace       used 69999K, capacity 72188K, committed 72320K, reserved 1112064K
  class space    used 9058K, capacity 9519K, committed 9600K, reserved 1048576K
GC Heap History (10 events):
Event: 1972.376 GC heap before
{Heap before GC invocations=38 (full 7):
 PSYoungGen      total 265728K, used 263458K [0x00000007aab00000, 0x00000007c0000000, 0x00000007c0000000)
  eden space 215040K, 98% used [0x00000007aab00000,0x00000007b7acdef0,0x00000007b7d00000)
  from space 50688K, 99% used [0x00000007bce80000,0x00000007bfffaa38,0x00000007c0000000)
  to   space 67072K, 0% used [0x00000007b7d00000,0x00000007b7d00000,0x00000007bbe80000)
 ParOldGen       total 173056K, used 64212K [0x0000000780000000, 0x000000078a900000, 0x00000007aab00000)
  object space 173056K, 37% used [0x0000000780000000,0x0000000783eb53b8,0x000000078a900000)
 Metaspace       used 68342K, capacity 70372K, committed 70528K, reserved 1110016K
  class space    used 8824K, capacity 9231K, committed 9344K, reserved 1048576K
Event: 1972.462 GC heap after
Heap after GC invocations=38 (full 7):
 PSYoungGen      total 276992K, used 61881K [0x00000007aab00000, 0x00000007c0000000, 0x00000007c0000000)
  eden space 215040K, 0% used [0x00000007aab00000,0x00000007aab00000,0x00000007b7d00000)
  from space 61952K, 99% used [0x00000007b7d00000,0x00000007bb96e540,0x00000007bb980000)
  to   space 72192K, 0% used [0x00000007bb980000,0x00000007bb980000,0x00000007c0000000)
 ParOldGen       total 173056K, used 64220K [0x0000000780000000, 0x000000078a900000, 0x00000007aab00000)
  object space 173056K, 37% used [0x0000000780000000,0x0000000783eb73b8,0x000000078a900000)
 Metaspace       used 68342K, capacity 70372K, committed 70528K, reserved 1110016K
  class space    used 8824K, capacity 9231K, committed 9344K, reserved 1048576K
}
Event: 1973.363 GC heap before
{Heap before GC invocations=39 (full 7):
 PSYoungGen      total 276992K, used 272128K [0x00000007aab00000, 0x00000007c0000000, 0x00000007c0000000)
  eden space 215040K, 97% used [0x00000007aab00000,0x00000007b7851d40,0x00000007b7d00000)
  from space 61952K, 99% used [0x00000007b7d00000,0x00000007bb96e540,0x00000007bb980000)
  to   space 72192K, 0% used [0x00000007bb980000,0x00000007bb980000,0x00000007c0000000)
 ParOldGen       total 173056K, used 64220K [0x0000000780000000, 0x000000078a900000, 0x00000007aab00000)
  object space 173056K, 37% used [0x0000000780000000,0x0000000783eb73b8,0x000000078a900000)
 Metaspace       used 68347K, capacity 70372K, committed 70528K, reserved 1110016K
  class space    used 8824K, capacity 9231K, committed 9344K, reserved 1048576K
Event: 1973.497 GC heap after
Heap after GC invocations=39 (full 7):
 PSYoungGen      total 247296K, used 71550K [0x00000007aab00000, 0x00000007c0000000, 0x00000007c0000000)
  eden space 175104K, 0% used [0x00000007aab00000,0x00000007aab00000,0x00000007b5600000)
  from space 72192K, 99% used [0x00000007bb980000,0x00000007bff5fb80,0x00000007c0000000)
  to   space 87040K, 0% used [0x00000007b5600000,0x00000007b5600000,0x00000007bab00000)
 ParOldGen       total 173056K, used 73611K [0x0000000780000000, 0x000000078a900000, 0x00000007aab00000)
  object space 173056K, 42% used [0x0000000780000000,0x00000007847e2c08,0x000000078a900000)
 Metaspace       used 68347K, capacity 70372K, committed 70528K, reserved 1110016K
  class space    used 8824K, capacity 9231K, committed 9344K, reserved 1048576K
}
Event: 1973.697 GC heap before
{Heap before GC invocations=40 (full 7):
 PSYoungGen      total 247296K, used 246000K [0x00000007aab00000, 0x00000007c0000000, 0x00000007c0000000)
  eden space 175104K, 99% used [0x00000007aab00000,0x00000007b555c5d0,0x00000007b5600000)
  from space 72192K, 99% used [0x00000007bb980000,0x00000007bff5fb80,0x00000007c0000000)
  to   space 87040K, 0% used [0x00000007b5600000,0x00000007b5600000,0x00000007bab00000)
 ParOldGen       total 173056K, used 73611K [0x0000000780000000, 0x000000078a900000, 0x00000007aab00000)
  object space 173056K, 42% used [0x0000000780000000,0x00000007847e2c08,0x000000078a900000)
 Metaspace       used 68373K, capacity 70376K, committed 70528K, reserved 1110016K
  class space    used 8824K, capacity 9231K, committed 9344K, reserved 1048576K
Event: 1973.775 GC heap after
Heap after GC invocations=40 (full 7):
 PSYoungGen      total 242688K, used 67456K [0x00000007aab00000, 0x00000007c0000000, 0x00000007c0000000)
  eden space 175104K, 0% used [0x00000007aab00000,0x00000007aab00000,0x00000007b5600000)
  from space 67584K, 99% used [0x00000007b5600000,0x00000007b97e0070,0x00000007b9800000)
  to   space 94208K, 0% used [0x00000007ba400000,0x00000007ba400000,0x00000007c0000000)
 ParOldGen       total 173056K, used 73611K [0x0000000780000000, 0x000000078a900000, 0x00000007aab00000)
  object space 173056K, 42% used [0x0000000780000000,0x00000007847e2c08,0x000000078a900000)
 Metaspace       used 68373K, capacity 70376K, committed 70528K, reserved 1110016K
  class space    used 8824K, capacity 9231K, committed 9344K, reserved 1048576K
}
Event: 1974.312 GC heap before
{Heap before GC invocations=41 (full 7):
 PSYoungGen      total 242688K, used 128227K [0x00000007aab00000, 0x00000007c0000000, 0x00000007c0000000)
  eden space 175104K, 34% used [0x00000007aab00000,0x00000007ae658f70,0x00000007b5600000)
  from space 67584K, 99% used [0x00000007b5600000,0x00000007b97e0070,0x00000007b9800000)
  to   space 94208K, 0% used [0x00000007ba400000,0x00000007ba400000,0x00000007c0000000)
 ParOldGen       total 173056K, used 73611K [0x0000000780000000, 0x000000078a900000, 0x00000007aab00000)
  object space 173056K, 42% used [0x0000000780000000,0x00000007847e2c08,0x000000078a900000)
 Metaspace       used 68375K, capacity 70376K, committed 70528K, reserved 1110016K
  class space    used 8824K, capacity 9231K, committed 9344K, reserved 1048576K
Event: 1974.370 GC heap after
Heap after GC invocations=41 (full 7):
 PSYoungGen      total 256512K, used 48100K [0x00000007aab00000, 0x00000007c0000000, 0x00000007c0000000)
  eden space 162304K, 0% used [0x00000007aab00000,0x00000007aab00000,0x00000007b4980000)
  from space 94208K, 51% used [0x00000007ba400000,0x00000007bd2f9328,0x00000007c0000000)
  to   space 92672K, 0% used [0x00000007b4980000,0x00000007b4980000,0x00000007ba400000)
 ParOldGen       total 173056K, used 73611K [0x0000000780000000, 0x000000078a900000, 0x00000007aab00000)
  object space 173056K, 42% used [0x0000000780000000,0x00000007847e2c08,0x000000078a900000)
 Metaspace       used 68375K, capacity 70376K, committed 70528K, reserved 1110016K
  class space    used 8824K, capacity 9231K, committed 9344K, reserved 1048576K
}
Event: 1974.370 GC heap before
{Heap before GC invocations=42 (full 8):
 PSYoungGen      total 256512K, used 48100K [0x00000007aab00000, 0x00000007c0000000, 0x00000007c0000000)
  eden space 162304K, 0% used [0x00000007aab00000,0x00000007aab00000,0x00000007b4980000)
  from space 94208K, 51% used [0x00000007ba400000,0x00000007bd2f9328,0x00000007c0000000)
  to   space 92672K, 0% used [0x00000007b4980000,0x00000007b4980000,0x00000007ba400000)
 ParOldGen       total 173056K, used 73611K [0x0000000780000000, 0x000000078a900000, 0x00000007aab00000)
  object space 173056K, 42% used [0x0000000780000000,0x00000007847e2c08,0x000000078a900000)
 Metaspace       used 68375K, capacity 70376K, committed 70528K, reserved 1110016K
  class space    used 8824K, capacity 9231K, committed 9344K, reserved 1048576K
Event: 1975.006 GC heap after
Heap after GC invocations=42 (full 8):
 PSYoungGen      total 256512K, used 0K [0x00000007aab00000, 0x00000007c0000000, 0x00000007c0000000)
  eden space 162304K, 0% used [0x00000007aab00000,0x00000007aab00000,0x00000007b4980000)
  from space 94208K, 0% used [0x00000007ba400000,0x00000007ba400000,0x00000007c0000000)
  to   space 92672K, 0% used [0x00000007b4980000,0x00000007b4980000,0x00000007ba400000)
 ParOldGen       total 173056K, used 41831K [0x0000000780000000, 0x000000078a900000, 0x00000007aab00000)
  object space 173056K, 24% used [0x0000000780000000,0x00000007828d9d80,0x000000078a900000)
 Metaspace       used 68257K, capacity 70198K, committed 70528K, reserved 1110016K
  class space    used 8806K, capacity 9190K, committed 9344K, reserved 1048576K
}

