# JRE version: Java(TM) SE Runtime Environment (8.0_60-b27) (build 1.8.0_60-b27)
# Java VM: Java HotSpot(TM) 64-Bit Server VM (25.60-b23 mixed mode bsd-amd64 compressed oops)
Heap:
 PSYoungGen      total 305664K, used 18283K [0x00000007aab00000, 0x00000007c0000000, 0x00000007c0000000)
  eden space 261120K, 7% used [0x00000007aab00000,0x00000007abcdac28,0x00000007baa00000)
  from space 44544K, 0% used [0x00000007bd480000,0x00000007bd480000,0x00000007c0000000)
  to   space 43520K, 0% used [0x00000007baa00000,0x00000007baa00000,0x00000007bd480000)
 ParOldGen       total 138240K, used 36769K [0x0000000780000000, 0x0000000788700000, 0x00000007aab00000)
  object space 138240K, 26% used [0x0000000780000000,0x00000007823e85c0,0x0000000788700000)
 Metaspace       used 59521K, capacity 62860K, committed 62976K, reserved 1103872K
  class space    used 7661K, capacity 8137K, committed 8192K, reserved 1048576K
GC Heap History (10 events):
Event: 11300.862 GC heap before
{Heap before GC invocations=51 (full 13):
 PSYoungGen      total 272384K, used 25935K [0x00000007aab00000, 0x00000007bfc00000, 0x00000007c0000000)
  eden space 262144K, 6% used [0x00000007aab00000,0x00000007abaad360,0x00000007bab00000)
  from space 10240K, 96% used [0x00000007bab00000,0x00000007bb4a6940,0x00000007bb500000)
  to   space 41472K, 0% used [0x00000007bd380000,0x00000007bd380000,0x00000007bfc00000)
 ParOldGen       total 138240K, used 36022K [0x0000000780000000, 0x0000000788700000, 0x00000007aab00000)
  object space 138240K, 26% used [0x0000000780000000,0x000000078232d838,0x0000000788700000)
 Metaspace       used 58746K, capacity 61146K, committed 61440K, reserved 1103872K
  class space    used 7514K, capacity 7886K, committed 7936K, reserved 1048576K
Event: 11300.867 GC heap after
Heap after GC invocations=51 (full 13):
 PSYoungGen      total 302592K, used 1259K [0x00000007aab00000, 0x00000007bfb00000, 0x00000007c0000000)
  eden space 262144K, 0% used [0x00000007aab00000,0x00000007aab00000,0x00000007bab00000)
  from space 40448K, 3% used [0x00000007bd380000,0x00000007bd4bace0,0x00000007bfb00000)
  to   space 40960K, 0% used [0x00000007bab00000,0x00000007bab00000,0x00000007bd300000)
 ParOldGen       total 138240K, used 36022K [0x0000000780000000, 0x0000000788700000, 0x00000007aab00000)
  object space 138240K, 26% used [0x0000000780000000,0x000000078232d838,0x0000000788700000)
 Metaspace       used 58746K, capacity 61146K, committed 61440K, reserved 1103872K
  class space    used 7514K, capacity 7886K, committed 7936K, reserved 1048576K
}
Event: 11300.867 GC heap before
{Heap before GC invocations=52 (full 14):
 PSYoungGen      total 302592K, used 1259K [0x00000007aab00000, 0x00000007bfb00000, 0x00000007c0000000)
  eden space 262144K, 0% used [0x00000007aab00000,0x00000007aab00000,0x00000007bab00000)
  from space 40448K, 3% used [0x00000007bd380000,0x00000007bd4bace0,0x00000007bfb00000)
  to   space 40960K, 0% used [0x00000007bab00000,0x00000007bab00000,0x00000007bd300000)
 ParOldGen       total 138240K, used 36022K [0x0000000780000000, 0x0000000788700000, 0x00000007aab00000)
  object space 138240K, 26% used [0x0000000780000000,0x000000078232d838,0x0000000788700000)
 Metaspace       used 58746K, capacity 61146K, committed 61440K, reserved 1103872K
  class space    used 7514K, capacity 7886K, committed 7936K, reserved 1048576K
Event: 11301.228 GC heap after
Heap after GC invocations=52 (full 14):
 PSYoungGen      total 302592K, used 0K [0x00000007aab00000, 0x00000007bfb00000, 0x00000007c0000000)
  eden space 262144K, 0% used [0x00000007aab00000,0x00000007aab00000,0x00000007bab00000)
  from space 40448K, 0% used [0x00000007bd380000,0x00000007bd380000,0x00000007bfb00000)
  to   space 40960K, 0% used [0x00000007bab00000,0x00000007bab00000,0x00000007bd300000)
 ParOldGen       total 138240K, used 35802K [0x0000000780000000, 0x0000000788700000, 0x00000007aab00000)
  object space 138240K, 25% used [0x0000000780000000,0x00000007822f6b90,0x0000000788700000)
 Metaspace       used 58746K, capacity 61146K, committed 61440K, reserved 1103872K
  class space    used 7514K, capacity 7886K, committed 7936K, reserved 1048576K
}
Event: 12043.118 GC heap before
{Heap before GC invocations=53 (full 14):
 PSYoungGen      total 302592K, used 261230K [0x00000007aab00000, 0x00000007bfb00000, 0x00000007c0000000)
  eden space 262144K, 99% used [0x00000007aab00000,0x00000007baa1b818,0x00000007bab00000)
  from space 40448K, 0% used [0x00000007bd380000,0x00000007bd380000,0x00000007bfb00000)
  to   space 40960K, 0% used [0x00000007bab00000,0x00000007bab00000,0x00000007bd300000)
 ParOldGen       total 138240K, used 35802K [0x0000000780000000, 0x0000000788700000, 0x00000007aab00000)
  object space 138240K, 25% used [0x0000000780000000,0x00000007822f6b90,0x0000000788700000)
 Metaspace       used 59253K, capacity 62196K, committed 62336K, reserved 1103872K
  class space    used 7599K, capacity 8033K, committed 8064K, reserved 1048576K
Event: 12043.226 GC heap after
Heap after GC invocations=53 (full 14):
 PSYoungGen      total 303104K, used 29909K [0x00000007aab00000, 0x00000007c0000000, 0x00000007c0000000)
  eden space 262144K, 0% used [0x00000007aab00000,0x00000007aab00000,0x00000007bab00000)
  from space 40960K, 73% used [0x00000007bab00000,0x00000007bc835498,0x00000007bd300000)
  to   space 44544K, 0% used [0x00000007bd480000,0x00000007bd480000,0x00000007c0000000)
 ParOldGen       total 138240K, used 35810K [0x0000000780000000, 0x0000000788700000, 0x00000007aab00000)
  object space 138240K, 25% used [0x0000000780000000,0x00000007822f8b90,0x0000000788700000)
 Metaspace       used 59253K, capacity 62196K, committed 62336K, reserved 1103872K
  class space    used 7599K, capacity 8033K, committed 8064K, reserved 1048576K
}
Event: 12052.792 GC heap before
{Heap before GC invocations=54 (full 14):
 PSYoungGen      total 303104K, used 194035K [0x00000007aab00000, 0x00000007c0000000, 0x00000007c0000000)
  eden space 262144K, 62% used [0x00000007aab00000,0x00000007b4b47a20,0x00000007bab00000)
  from space 40960K, 73% used [0x00000007bab00000,0x00000007bc835498,0x00000007bd300000)
  to   space 44544K, 0% used [0x00000007bd480000,0x00000007bd480000,0x00000007c0000000)
 ParOldGen       total 138240K, used 35810K [0x0000000780000000, 0x0000000788700000, 0x00000007aab00000)
  object space 138240K, 25% used [0x0000000780000000,0x00000007822f8b90,0x0000000788700000)
 Metaspace       used 59311K, capacity 62286K, committed 62336K, reserved 1103872K
  class space    used 7608K, capacity 8048K, committed 8064K, reserved 1048576K
Event: 12052.805 GC heap after
Heap after GC invocations=54 (full 14):
 PSYoungGen      total 305664K, used 2283K [0x00000007aab00000, 0x00000007c0000000, 0x00000007c0000000)
  eden space 261120K, 0% used [0x00000007aab00000,0x00000007aab00000,0x00000007baa00000)
  from space 44544K, 5% used [0x00000007bd480000,0x00000007bd6baec8,0x00000007c0000000)
  to   space 43520K, 0% used [0x00000007baa00000,0x00000007baa00000,0x00000007bd480000)
 ParOldGen       total 138240K, used 35818K [0x0000000780000000, 0x0000000788700000, 0x00000007aab00000)
  object space 138240K, 25% used [0x0000000780000000,0x00000007822fab90,0x0000000788700000)
 Metaspace       used 59311K, capacity 62286K, committed 62336K, reserved 1103872K
  class space    used 7608K, capacity 8048K, committed 8064K, reserved 1048576K
}
Event: 12052.805 GC heap before
{Heap before GC invocations=55 (full 15):
 PSYoungGen      total 305664K, used 2283K [0x00000007aab00000, 0x00000007c0000000, 0x00000007c0000000)
  eden space 261120K, 0% used [0x00000007aab00000,0x00000007aab00000,0x00000007baa00000)
  from space 44544K, 5% used [0x00000007bd480000,0x00000007bd6baec8,0x00000007c0000000)
  to   space 43520K, 0% used [0x00000007baa00000,0x00000007baa00000,0x00000007bd480000)
 ParOldGen       total 138240K, used 35818K [0x0000000780000000, 0x0000000788700000, 0x00000007aab00000)
  object space 138240K, 25% used [0x0000000780000000,0x00000007822fab90,0x0000000788700000)
 Metaspace       used 59311K, capacity 62286K, committed 62336K, reserved 1103872K
  class space    used 7608K, capacity 8048K, committed 8064K, reserved 1048576K
Event: 12053.273 GC heap after
Heap after GC invocations=55 (full 15):
 PSYoungGen      total 305664K, used 0K [0x00000007aab00000, 0x00000007c0000000, 0x00000007c0000000)
  eden space 261120K, 0% used [0x00000007aab00000,0x00000007aab00000,0x00000007baa00000)
  from space 44544K, 0% used [0x00000007bd480000,0x00000007bd480000,0x00000007c0000000)
  to   space 43520K, 0% used [0x00000007baa00000,0x00000007baa00000,0x00000007bd480000)
 ParOldGen       total 138240K, used 36769K [0x0000000780000000, 0x0000000788700000, 0x00000007aab00000)
  object space 138240K, 26% used [0x0000000780000000,0x00000007823e85c0,0x0000000788700000)
 Metaspace       used 59311K, capacity 62286K, committed 62336K, reserved 1103872K
  class space    used 7608K, capacity 8048K, committed 8064K, reserved 1048576K
}

